# JRE version: OpenJDK Runtime Environment AdoptOpenJDK-16.0.1+9 (16.0.1+9) (build 16.0.1+9)
# Java VM: OpenJDK 64-Bit Server VM AdoptOpenJDK-16.0.1+9 (16.0.1+9, mixed mode, sharing, tiered, compressed oops, compressed class ptrs, g1 gc, windows-amd64)
GC Precious Log:
 CPUs: 8 total, 8 available
 Memory: 8078M
 Large Page Support: Disabled
 NUMA Support: Disabled
 Compressed Oops: Enabled (32-bit)
 Heap Region Size: 1M
 Heap Min Capacity: 8M
 Heap Initial Capacity: 128M
 Heap Max Capacity: 2020M
 Pre-touch: Disabled
 Parallel Workers: 8
 Concurrent Workers: 2
 Concurrent Refinement Workers: 8
 Periodic GC: Disabled
Heap:
 garbage-first heap   total 106496K, used 45700K [0x0000000081c00000, 0x0000000100000000)
  region size 1024K, 13 young (13312K), 2 survivors (2048K)
 Metaspace       used 59069K, committed 60800K, reserved 1105920K
  class space    used 6542K, committed 7360K, reserved 1048576K
GC Heap History (20 events):
Event: 2111.930 GC heap after
{Heap after GC invocations=283 (full 39):
 garbage-first heap   total 106496K, used 33656K [0x0000000081c00000, 0x0000000100000000)
  region size 1024K, 1 young (1024K), 1 survivors (1024K)
 Metaspace       used 59066K, committed 60800K, reserved 1105920K
  class space    used 6541K, committed 7360K, reserved 1048576K
}
Event: 2122.502 GC heap before
{Heap before GC invocations=283 (full 39):
 garbage-first heap   total 106496K, used 87928K [0x0000000081c00000, 0x0000000100000000)
  region size 1024K, 54 young (55296K), 1 survivors (1024K)
 Metaspace       used 59066K, committed 60800K, reserved 1105920K
  class space    used 6541K, committed 7360K, reserved 1048576K
}
Event: 2122.505 GC heap after
{Heap after GC invocations=284 (full 39):
 garbage-first heap   total 106496K, used 33534K [0x0000000081c00000, 0x0000000100000000)
  region size 1024K, 1 young (1024K), 1 survivors (1024K)
 Metaspace       used 59066K, committed 60800K, reserved 1105920K
  class space    used 6541K, committed 7360K, reserved 1048576K
}
Event: 2132.853 GC heap before
{Heap before GC invocations=284 (full 39):
 garbage-first heap   total 106496K, used 87806K [0x0000000081c00000, 0x0000000100000000)
  region size 1024K, 54 young (55296K), 1 survivors (1024K)
 Metaspace       used 59066K, committed 60800K, reserved 1105920K
  class space    used 6541K, committed 7360K, reserved 1048576K
}
Event: 2132.854 GC heap after
{Heap after GC invocations=285 (full 39):
 garbage-first heap   total 106496K, used 33866K [0x0000000081c00000, 0x0000000100000000)
  region size 1024K, 1 young (1024K), 1 survivors (1024K)
 Metaspace       used 59066K, committed 60800K, reserved 1105920K
  class space    used 6541K, committed 7360K, reserved 1048576K
}
Event: 2143.218 GC heap before
{Heap before GC invocations=285 (full 39):
 garbage-first heap   total 106496K, used 88138K [0x0000000081c00000, 0x0000000100000000)
  region size 1024K, 54 young (55296K), 1 survivors (1024K)
 Metaspace       used 59066K, committed 60800K, reserved 1105920K
  class space    used 6541K, committed 7360K, reserved 1048576K
}
Event: 2143.220 GC heap after
{Heap after GC invocations=286 (full 39):
 garbage-first heap   total 106496K, used 33892K [0x0000000081c00000, 0x0000000100000000)
  region size 1024K, 1 young (1024K), 1 survivors (1024K)
 Metaspace       used 59066K, committed 60800K, reserved 1105920K
  class space    used 6541K, committed 7360K, reserved 1048576K
}
Event: 2153.695 GC heap before
{Heap before GC invocations=286 (full 39):
 garbage-first heap   total 106496K, used 88164K [0x0000000081c00000, 0x0000000100000000)
  region size 1024K, 54 young (55296K), 1 survivors (1024K)
 Metaspace       used 59066K, committed 60800K, reserved 1105920K
  class space    used 6541K, committed 7360K, reserved 1048576K
}
Event: 2153.696 GC heap after
{Heap after GC invocations=287 (full 39):
 garbage-first heap   total 106496K, used 33700K [0x0000000081c00000, 0x0000000100000000)
  region size 1024K, 1 young (1024K), 1 survivors (1024K)
 Metaspace       used 59066K, committed 60800K, reserved 1105920K
  class space    used 6541K, committed 7360K, reserved 1048576K
}
Event: 2163.813 GC heap before
{Heap before GC invocations=287 (full 39):
 garbage-first heap   total 106496K, used 87972K [0x0000000081c00000, 0x0000000100000000)
  region size 1024K, 54 young (55296K), 1 survivors (1024K)
 Metaspace       used 59066K, committed 60800K, reserved 1105920K
  class space    used 6541K, committed 7360K, reserved 1048576K
}
Event: 2163.823 GC heap after
{Heap after GC invocations=288 (full 39):
 garbage-first heap   total 106496K, used 33928K [0x0000000081c00000, 0x0000000100000000)
  region size 1024K, 1 young (1024K), 1 survivors (1024K)
 Metaspace       used 59066K, committed 60800K, reserved 1105920K
  class space    used 6541K, committed 7360K, reserved 1048576K
}
Event: 2174.215 GC heap before
{Heap before GC invocations=288 (full 39):
 garbage-first heap   total 106496K, used 88200K [0x0000000081c00000, 0x0000000100000000)
  region size 1024K, 54 young (55296K), 1 survivors (1024K)
 Metaspace       used 59066K, committed 60800K, reserved 1105920K
  class space    used 6541K, committed 7360K, reserved 1048576K
}
Event: 2174.217 GC heap after
{Heap after GC invocations=289 (full 39):
 garbage-first heap   total 106496K, used 33941K [0x0000000081c00000, 0x0000000100000000)
  region size 1024K, 1 young (1024K), 1 survivors (1024K)
 Metaspace       used 59066K, committed 60800K, reserved 1105920K
  class space    used 6541K, committed 7360K, reserved 1048576K
}
Event: 2184.671 GC heap before
{Heap before GC invocations=289 (full 39):
 garbage-first heap   total 106496K, used 88213K [0x0000000081c00000, 0x0000000100000000)
  region size 1024K, 54 young (55296K), 1 survivors (1024K)
 Metaspace       used 59067K, committed 60800K, reserved 1105920K
  class space    used 6541K, committed 7360K, reserved 1048576K
}
Event: 2184.672 GC heap after
{Heap after GC invocations=290 (full 39):
 garbage-first heap   total 106496K, used 33819K [0x0000000081c00000, 0x0000000100000000)
  region size 1024K, 1 young (1024K), 1 survivors (1024K)
 Metaspace       used 59067K, committed 60800K, reserved 1105920K
  class space    used 6541K, committed 7360K, reserved 1048576K
}
Event: 2193.959 GC heap before
{Heap before GC invocations=290 (full 39):
 garbage-first heap   total 106496K, used 88091K [0x0000000081c00000, 0x0000000100000000)
  region size 1024K, 54 young (55296K), 1 survivors (1024K)
 Metaspace       used 59067K, committed 60800K, reserved 1105920K
  class space    used 6541K, committed 7360K, reserved 1048576K
}
Event: 2193.980 GC heap after
{Heap after GC invocations=291 (full 39):
 garbage-first heap   total 106496K, used 34960K [0x0000000081c00000, 0x0000000100000000)
  region size 1024K, 2 young (2048K), 2 survivors (2048K)
 Metaspace       used 59067K, committed 60800K, reserved 1105920K
  class space    used 6541K, committed 7360K, reserved 1048576K
}
Event: 2204.136 GC heap before
{Heap before GC invocations=291 (full 39):
 garbage-first heap   total 106496K, used 87184K [0x0000000081c00000, 0x0000000100000000)
  region size 1024K, 53 young (54272K), 2 survivors (2048K)
 Metaspace       used 59067K, committed 60800K, reserved 1105920K
  class space    used 6541K, committed 7360K, reserved 1048576K
}
Event: 2204.140 GC heap after
{Heap after GC invocations=292 (full 39):
 garbage-first heap   total 106496K, used 34736K [0x0000000081c00000, 0x0000000100000000)
  region size 1024K, 2 young (2048K), 2 survivors (2048K)
 Metaspace       used 59067K, committed 60800K, reserved 1105920K
  class space    used 6541K, committed 7360K, reserved 1048576K
}
Event: 2205.438 GC heap before
{Heap before GC invocations=292 (full 39):
 garbage-first heap   total 106496K, used 44976K [0x0000000081c00000, 0x0000000100000000)
  region size 1024K, 13 young (13312K), 2 survivors (2048K)
 Metaspace       used 59069K, committed 60800K, reserved 1105920K
  class space    used 6542K, committed 7360K, reserved 1048576K
}

